[
  {
    "level": "INFO",
    "message": "android.ndkVersion from module build.gradle is not set"
  },
  {
    "level": "INFO",
    "message": "ndk.dir in local.properties is /Users/jiahui/Library/Android/sdk/ndk-bundle"
  },
  {
    "level": "INFO",
    "message": "ANDROID_NDK_HOME environment variable is not set"
  },
  {
    "level": "INFO",
    "message": "sdkFolder is /Users/jiahui/Library/Android/sdk"
  },
  {
    "level": "INFO",
    "message": "Considering /Users/jiahui/Library/Android/sdk/ndk-bundle by ndk.dir"
  },
  {
    "level": "INFO",
    "message": "Considering /Users/jiahui/Library/Android/sdk/ndk-bundle in SDK ndk-bundle folder"
  },
  {
    "level": "INFO",
    "message": "Considering /Users/jiahui/Library/Android/sdk/ndk/20.0.5594570 in SDK ndk folder"
  },
  {
    "level": "INFO",
    "message": "Found requested ndk.dir (/Users/jiahui/Library/Android/sdk/ndk-bundle) which has version 21.3.6528147"
  }
]